G:\COURSE_C\GAMEKIMCUONG_KHOAHOC\01TAOPROJECT\01TAOPROJECT\DEBUG\01TAOPROJECT.EXE.EMBED.MANIFEST
G:\COURSE_C\GAMEKIMCUONG_KHOAHOC\01TAOPROJECT\01TAOPROJECT\DEBUG\01TAOPROJECT.EXE.EMBED.MANIFEST.RES
G:\COURSE_C\GAMEKIMCUONG_KHOAHOC\01TAOPROJECT\01TAOPROJECT\DEBUG\01TAOPROJECT.EXE.INTERMEDIATE.MANIFEST
G:\Course_C\gamekimcuong_khoahoc\01TaoProject\01TaoProject\Debug\01TaoProject.vcxprojResolveAssemblyReference.cache
G:\Course_C\gamekimcuong_khoahoc\01TaoProject\01TaoProject\Debug\01TaoProject.write.1.tlog
G:\Course_C\gamekimcuong_khoahoc\01TaoProject\01TaoProject\Debug\01TaoProject_manifest.rc
G:\Course_C\gamekimcuong_khoahoc\01TaoProject\01TaoProject\Debug\cl.command.1.tlog
G:\Course_C\gamekimcuong_khoahoc\01TaoProject\01TaoProject\Debug\CL.read.1.tlog
G:\Course_C\gamekimcuong_khoahoc\01TaoProject\01TaoProject\Debug\CL.write.1.tlog
G:\COURSE_C\GAMEKIMCUONG_KHOAHOC\01TAOPROJECT\01TAOPROJECT\DEBUG\GAMEEXCEPTION.OBJ
G:\Course_C\gamekimcuong_khoahoc\01TaoProject\01TaoProject\Debug\link.14316.read.1.tlog
G:\Course_C\gamekimcuong_khoahoc\01TaoProject\01TaoProject\Debug\link.14316.write.1.tlog
G:\Course_C\gamekimcuong_khoahoc\01TaoProject\01TaoProject\Debug\link.14316-cvtres.read.1.tlog
G:\Course_C\gamekimcuong_khoahoc\01TaoProject\01TaoProject\Debug\link.14316-cvtres.write.1.tlog
G:\Course_C\gamekimcuong_khoahoc\01TaoProject\01TaoProject\Debug\link.3724.read.1.tlog
G:\Course_C\gamekimcuong_khoahoc\01TaoProject\01TaoProject\Debug\link.3724.write.1.tlog
G:\Course_C\gamekimcuong_khoahoc\01TaoProject\01TaoProject\Debug\link.3724-cvtres.read.1.tlog
G:\Course_C\gamekimcuong_khoahoc\01TaoProject\01TaoProject\Debug\link.3724-cvtres.write.1.tlog
G:\Course_C\gamekimcuong_khoahoc\01TaoProject\01TaoProject\Debug\link.8224.read.1.tlog
G:\Course_C\gamekimcuong_khoahoc\01TaoProject\01TaoProject\Debug\link.8224.write.1.tlog
G:\Course_C\gamekimcuong_khoahoc\01TaoProject\01TaoProject\Debug\link.8224-cvtres.read.1.tlog
G:\Course_C\gamekimcuong_khoahoc\01TaoProject\01TaoProject\Debug\link.8224-cvtres.write.1.tlog
G:\Course_C\gamekimcuong_khoahoc\01TaoProject\01TaoProject\Debug\link.command.1.tlog
G:\Course_C\gamekimcuong_khoahoc\01TaoProject\01TaoProject\Debug\link.read.1.tlog
G:\Course_C\gamekimcuong_khoahoc\01TaoProject\01TaoProject\Debug\link.write.1.tlog
G:\Course_C\gamekimcuong_khoahoc\01TaoProject\01TaoProject\Debug\link-cvtres.read.1.tlog
G:\Course_C\gamekimcuong_khoahoc\01TaoProject\01TaoProject\Debug\link-cvtres.write.1.tlog
G:\COURSE_C\GAMEKIMCUONG_KHOAHOC\01TAOPROJECT\01TAOPROJECT\DEBUG\MAIN.OBJ
G:\Course_C\gamekimcuong_khoahoc\01TaoProject\01TaoProject\Debug\mt.command.1.tlog
G:\Course_C\gamekimcuong_khoahoc\01TaoProject\01TaoProject\Debug\mt.read.1.tlog
G:\Course_C\gamekimcuong_khoahoc\01TaoProject\01TaoProject\Debug\mt.write.1.tlog
G:\Course_C\gamekimcuong_khoahoc\01TaoProject\01TaoProject\Debug\rc.command.1.tlog
G:\Course_C\gamekimcuong_khoahoc\01TaoProject\01TaoProject\Debug\rc.read.1.tlog
G:\Course_C\gamekimcuong_khoahoc\01TaoProject\01TaoProject\Debug\rc.write.1.tlog
G:\COURSE_C\GAMEKIMCUONG_KHOAHOC\01TAOPROJECT\01TAOPROJECT\DEBUG\SURFACEPROXY.OBJ
G:\Course_C\gamekimcuong_khoahoc\01TaoProject\01TaoProject\Debug\vc100.idb
G:\COURSE_C\GAMEKIMCUONG_KHOAHOC\01TAOPROJECT\01TAOPROJECT\DEBUG\VC100.PDB
G:\COURSE_C\GAMEKIMCUONG_KHOAHOC\01TAOPROJECT\DEBUG\01TAOPROJECT.EXE
G:\COURSE_C\GAMEKIMCUONG_KHOAHOC\01TAOPROJECT\DEBUG\01TAOPROJECT.ILK
G:\COURSE_C\GAMEKIMCUONG_KHOAHOC\01TAOPROJECT\DEBUG\01TAOPROJECT.PDB
